2025-10-18 13:10:38,338-INFO-Ingesting begin_inventory.csv in db
2025-10-18 13:10:42,428-INFO-----ingestion complete---
2025-10-18 13:10:42,428-INFO-
Total Time Taken: 0.079812486966451 minutes
2025-10-18 13:10:42,861-INFO-Ingesting end_inventory.csv in db
2025-10-18 13:10:47,492-INFO-----ingestion complete---
2025-10-18 13:10:47,492-INFO-
Total Time Taken: 0.1642146110534668 minutes
2025-10-18 13:10:54,944-INFO-Ingesting purchases.csv in db
2025-10-18 13:12:12,636-INFO-----ingestion complete---
2025-10-18 13:12:12,636-INFO-
Total Time Taken: 1.5832857052485148 minutes
2025-10-18 13:12:13,184-INFO-Ingesting purchase_prices.csv in db
2025-10-18 13:12:13,585-INFO-----ingestion complete---
2025-10-18 13:12:13,585-INFO-
Total Time Taken: 1.5990904053052266 minutes
2025-10-18 13:12:46,937-INFO-Ingesting sales.csv in db
2025-10-18 13:38:59,155-INFO-----ingestion complete---
2025-10-18 13:38:59,187-INFO-
Total Time Taken: 28.358136415481567 minutes
2025-10-18 13:39:01,610-INFO-Ingesting vendor_invoice.csv in db
2025-10-18 13:39:02,069-INFO-----ingestion complete---
2025-10-18 13:39:02,069-INFO-
Total Time Taken: 28.40715627670288 minutes
2025-10-21 12:34:26,390-INFO-Creating Vendor Summary Table.......
2025-10-21 12:35:15,923-INFO-   VendorNumber                   VendorName  Brand              Description  \
0          1128  BROWN-FORMAN CORP             1233  Jack Daniels No 7 Black   
1          4425        MARTIGNETTI COMPANIES   3405    Tito's Handmade Vodka   
2         17035  PERNOD RICARD USA             8068         Absolut 80 Proof   
3          3960  DIAGEO NORTH AMERICA INC      4261   Capt Morgan Spiced Rum   
4          3960  DIAGEO NORTH AMERICA INC      3545          Ketel One Vodka   

   PurchasePrice  ActualPrice Volume  TotalPurchaseQuantity  \
0          26.27        36.99   1750                 145080   
1          23.19        28.99   1750                 164038   
2          18.24        24.99   1750                 187407   
3          16.17        22.99   1750                 201682   
4          21.89        29.99   1750                 138109   

   TotalPurchaseDollars  TotalSalesQuantity  TotalSalesDollars  \
0            3811251.60            142049.0         5101919.51   
1            3804041.22            160247.0         4819073.49   
2            3418303.68            187140.0         4538120.60   
3            3261197.94            200412.0         4475972.88   
4            3023206.01            135838.0         4223107.62   

   TotalSalesPrice  TotalExciseTax  FreightCost  
0        672819.31       260999.20     68601.68  
1        561512.37       294438.66    144929.24  
2        461140.15       343854.07    123780.22  
3        420050.01       368242.80    257032.07  
4        545778.28       249587.83    257032.07  
2025-10-21 12:35:15,933-INFO-Cleaning Data.......
2025-10-21 12:35:15,951-INFO-   VendorNumber                VendorName  Brand              Description  \
0          1128         BROWN-FORMAN CORP   1233  Jack Daniels No 7 Black   
1          4425     MARTIGNETTI COMPANIES   3405    Tito's Handmade Vodka   
2         17035         PERNOD RICARD USA   8068         Absolut 80 Proof   
3          3960  DIAGEO NORTH AMERICA INC   4261   Capt Morgan Spiced Rum   
4          3960  DIAGEO NORTH AMERICA INC   3545          Ketel One Vodka   

   PurchasePrice  ActualPrice  Volume  TotalPurchaseQuantity  \
0          26.27        36.99  1750.0                 145080   
1          23.19        28.99  1750.0                 164038   
2          18.24        24.99  1750.0                 187407   
3          16.17        22.99  1750.0                 201682   
4          21.89        29.99  1750.0                 138109   

   TotalPurchaseDollars  TotalSalesQuantity  TotalSalesDollars  \
0            3811251.60            142049.0         5101919.51   
1            3804041.22            160247.0         4819073.49   
2            3418303.68            187140.0         4538120.60   
3            3261197.94            200412.0         4475972.88   
4            3023206.01            135838.0         4223107.62   

   TotalSalesPrice  TotalExciseTax  FreightCost  
0        672819.31       260999.20     68601.68  
1        561512.37       294438.66    144929.24  
2        461140.15       343854.07    123780.22  
3        420050.01       368242.80    257032.07  
4        545778.28       249587.83    257032.07  
2025-10-21 12:35:15,957-INFO-Ingesting data.......
2025-10-21 12:35:16,161-INFO-Completed
2025-10-21 12:40:26,743-INFO-Creating Vendor Summary Table.......
2025-10-21 12:41:10,410-INFO-   VendorNumber                   VendorName  Brand              Description  \
0          1128  BROWN-FORMAN CORP             1233  Jack Daniels No 7 Black   
1          4425        MARTIGNETTI COMPANIES   3405    Tito's Handmade Vodka   
2         17035  PERNOD RICARD USA             8068         Absolut 80 Proof   
3          3960  DIAGEO NORTH AMERICA INC      4261   Capt Morgan Spiced Rum   
4          3960  DIAGEO NORTH AMERICA INC      3545          Ketel One Vodka   

   PurchasePrice  ActualPrice Volume  TotalPurchaseQuantity  \
0          26.27        36.99   1750                 145080   
1          23.19        28.99   1750                 164038   
2          18.24        24.99   1750                 187407   
3          16.17        22.99   1750                 201682   
4          21.89        29.99   1750                 138109   

   TotalPurchaseDollars  TotalSalesQuantity  TotalSalesDollars  \
0            3811251.60            142049.0         5101919.51   
1            3804041.22            160247.0         4819073.49   
2            3418303.68            187140.0         4538120.60   
3            3261197.94            200412.0         4475972.88   
4            3023206.01            135838.0         4223107.62   

   TotalSalesPrice  TotalExciseTax  FreightCost  
0        672819.31       260999.20     68601.68  
1        561512.37       294438.66    144929.24  
2        461140.15       343854.07    123780.22  
3        420050.01       368242.80    257032.07  
4        545778.28       249587.83    257032.07  
2025-10-21 12:41:10,415-INFO-Cleaning Data.......
2025-10-21 12:41:10,429-INFO-   VendorNumber                VendorName  Brand              Description  \
0          1128         BROWN-FORMAN CORP   1233  Jack Daniels No 7 Black   
1          4425     MARTIGNETTI COMPANIES   3405    Tito's Handmade Vodka   
2         17035         PERNOD RICARD USA   8068         Absolut 80 Proof   
3          3960  DIAGEO NORTH AMERICA INC   4261   Capt Morgan Spiced Rum   
4          3960  DIAGEO NORTH AMERICA INC   3545          Ketel One Vodka   

   PurchasePrice  ActualPrice  Volume  TotalPurchaseQuantity  \
0          26.27        36.99  1750.0                 145080   
1          23.19        28.99  1750.0                 164038   
2          18.24        24.99  1750.0                 187407   
3          16.17        22.99  1750.0                 201682   
4          21.89        29.99  1750.0                 138109   

   TotalPurchaseDollars  TotalSalesQuantity  TotalSalesDollars  \
0            3811251.60            142049.0         5101919.51   
1            3804041.22            160247.0         4819073.49   
2            3418303.68            187140.0         4538120.60   
3            3261197.94            200412.0         4475972.88   
4            3023206.01            135838.0         4223107.62   

   TotalSalesPrice  TotalExciseTax  FreightCost  
0        672819.31       260999.20     68601.68  
1        561512.37       294438.66    144929.24  
2        461140.15       343854.07    123780.22  
3        420050.01       368242.80    257032.07  
4        545778.28       249587.83    257032.07  
2025-10-21 12:41:10,435-INFO-Ingesting data.......
2025-10-21 12:41:11,083-INFO-Completed
2025-10-21 12:45:31,006-INFO-Ingesting begin_inventory.csv in db
2025-10-21 12:45:34,233-INFO-----ingestion complete---
2025-10-21 12:45:34,233-INFO-
Total Time Taken: 0.06082962354024251 minutes
2025-10-21 12:45:34,707-INFO-Ingesting end_inventory.csv in db
2025-10-21 12:45:38,049-INFO-----ingestion complete---
2025-10-21 12:45:38,049-INFO-
Total Time Taken: 0.1244262973467509 minutes
2025-10-21 12:45:46,480-INFO-Ingesting purchases.csv in db
2025-10-21 12:46:15,183-INFO-Creating Vendor Summary Table.......
2025-10-21 12:46:15,188-INFO-Empty DataFrame
Columns: [VendorNumber, VendorName, Brand, Description, PurchasePrice, ActualPrice, Volume, TotalPurchaseQuantity, TotalPurchaseDollars, TotalSalesQuantity, TotalSalesDollars, TotalSalesPrice, TotalExciseTax, FreightCost]
Index: []
2025-10-21 12:46:15,190-INFO-Cleaning Data.......
2025-10-21 12:46:15,196-INFO-Empty DataFrame
Columns: [VendorNumber, VendorName, Brand, Description, PurchasePrice, ActualPrice, Volume, TotalPurchaseQuantity, TotalPurchaseDollars, TotalSalesQuantity, TotalSalesDollars, TotalSalesPrice, TotalExciseTax, FreightCost]
Index: []
2025-10-21 12:46:15,197-INFO-Ingesting data.......
2025-10-21 12:46:15,247-INFO-Completed
2025-10-21 12:46:51,386-INFO-Creating Vendor Summary Table.......
2025-10-21 12:47:00,987-INFO-----ingestion complete---
2025-10-21 12:47:00,992-INFO-
Total Time Taken: 1.5066116770108542 minutes
2025-10-21 12:47:01,581-INFO-Ingesting purchase_prices.csv in db
2025-10-21 12:47:01,976-INFO-----ingestion complete---
2025-10-21 12:47:01,976-INFO-
Total Time Taken: 1.5232101519902548 minutes
2025-10-21 12:47:43,457-INFO-Ingesting sales.csv in db
2025-10-21 13:20:35,152-INFO-Creating Vendor Summary Table.......
2025-10-21 13:20:47,041-INFO-   VendorNumber                   VendorName  Brand              Description  \
0          1128  BROWN-FORMAN CORP             1233  Jack Daniels No 7 Black   
1          4425        MARTIGNETTI COMPANIES   3405    Tito's Handmade Vodka   
2         17035  PERNOD RICARD USA             8068         Absolut 80 Proof   
3          3960  DIAGEO NORTH AMERICA INC      4261   Capt Morgan Spiced Rum   
4          3960  DIAGEO NORTH AMERICA INC      3545          Ketel One Vodka   

   PurchasePrice  ActualPrice Volume  TotalPurchaseQuantity  \
0          26.27        36.99   1750                 145080   
1          23.19        28.99   1750                 164038   
2          18.24        24.99   1750                 187407   
3          16.17        22.99   1750                 201682   
4          21.89        29.99   1750                 138109   

   TotalPurchaseDollars TotalSalesQuantity TotalSalesDollars TotalSalesPrice  \
0            3811251.60               None              None            None   
1            3804041.22               None              None            None   
2            3418303.68               None              None            None   
3            3261197.94               None              None            None   
4            3023206.01               None              None            None   

  TotalExciseTax  FreightCost  
0           None     68601.68  
1           None    144929.24  
2           None    123780.22  
3           None    257032.07  
4           None    257032.07  
2025-10-21 13:20:47,048-INFO-Cleaning Data.......
2025-10-21 13:20:47,089-INFO-   VendorNumber                VendorName  Brand              Description  \
0          1128         BROWN-FORMAN CORP   1233  Jack Daniels No 7 Black   
1          4425     MARTIGNETTI COMPANIES   3405    Tito's Handmade Vodka   
2         17035         PERNOD RICARD USA   8068         Absolut 80 Proof   
3          3960  DIAGEO NORTH AMERICA INC   4261   Capt Morgan Spiced Rum   
4          3960  DIAGEO NORTH AMERICA INC   3545          Ketel One Vodka   

   PurchasePrice  ActualPrice  Volume  TotalPurchaseQuantity  \
0          26.27        36.99  1750.0                 145080   
1          23.19        28.99  1750.0                 164038   
2          18.24        24.99  1750.0                 187407   
3          16.17        22.99  1750.0                 201682   
4          21.89        29.99  1750.0                 138109   

   TotalPurchaseDollars  TotalSalesQuantity  TotalSalesDollars  \
0            3811251.60                   0                  0   
1            3804041.22                   0                  0   
2            3418303.68                   0                  0   
3            3261197.94                   0                  0   
4            3023206.01                   0                  0   

   TotalSalesPrice  TotalExciseTax  FreightCost  
0                0               0     68601.68  
1                0               0    144929.24  
2                0               0    123780.22  
3                0               0    257032.07  
4                0               0    257032.07  
2025-10-21 13:20:47,097-INFO-Ingesting data.......
2025-10-21 13:20:47,199-INFO-Completed
2025-10-21 13:21:10,749-INFO-Creating Vendor Summary Table.......
2025-10-21 13:21:23,793-INFO-   VendorNumber                   VendorName  Brand              Description  \
0          1128  BROWN-FORMAN CORP             1233  Jack Daniels No 7 Black   
1          4425        MARTIGNETTI COMPANIES   3405    Tito's Handmade Vodka   
2         17035  PERNOD RICARD USA             8068         Absolut 80 Proof   
3          3960  DIAGEO NORTH AMERICA INC      4261   Capt Morgan Spiced Rum   
4          3960  DIAGEO NORTH AMERICA INC      3545          Ketel One Vodka   

   PurchasePrice  ActualPrice Volume  TotalPurchaseQuantity  \
0          26.27        36.99   1750                 145080   
1          23.19        28.99   1750                 164038   
2          18.24        24.99   1750                 187407   
3          16.17        22.99   1750                 201682   
4          21.89        29.99   1750                 138109   

   TotalPurchaseDollars TotalSalesQuantity TotalSalesDollars TotalSalesPrice  \
0            3811251.60               None              None            None   
1            3804041.22               None              None            None   
2            3418303.68               None              None            None   
3            3261197.94               None              None            None   
4            3023206.01               None              None            None   

  TotalExciseTax  FreightCost  
0           None     68601.68  
1           None    144929.24  
2           None    123780.22  
3           None    257032.07  
4           None    257032.07  
2025-10-21 13:21:23,798-INFO-Cleaning Data.......
2025-10-21 13:21:23,824-INFO-   VendorNumber                VendorName  Brand              Description  \
0          1128         BROWN-FORMAN CORP   1233  Jack Daniels No 7 Black   
1          4425     MARTIGNETTI COMPANIES   3405    Tito's Handmade Vodka   
2         17035         PERNOD RICARD USA   8068         Absolut 80 Proof   
3          3960  DIAGEO NORTH AMERICA INC   4261   Capt Morgan Spiced Rum   
4          3960  DIAGEO NORTH AMERICA INC   3545          Ketel One Vodka   

   PurchasePrice  ActualPrice  Volume  TotalPurchaseQuantity  \
0          26.27        36.99  1750.0                 145080   
1          23.19        28.99  1750.0                 164038   
2          18.24        24.99  1750.0                 187407   
3          16.17        22.99  1750.0                 201682   
4          21.89        29.99  1750.0                 138109   

   TotalPurchaseDollars  TotalSalesQuantity  TotalSalesDollars  \
0            3811251.60                   0                  0   
1            3804041.22                   0                  0   
2            3418303.68                   0                  0   
3            3261197.94                   0                  0   
4            3023206.01                   0                  0   

   TotalSalesPrice  TotalExciseTax  FreightCost  
0                0               0     68601.68  
1                0               0    144929.24  
2                0               0    123780.22  
3                0               0    257032.07  
4                0               0    257032.07  
2025-10-21 13:21:23,828-INFO-Ingesting data.......
2025-10-21 13:21:23,940-INFO-Completed
2025-10-21 13:46:29,043-INFO-Creating Vendor Summary Table.......
2025-10-21 13:46:41,470-INFO-   VendorNumber                   VendorName  Brand              Description  \
0          1128  BROWN-FORMAN CORP             1233  Jack Daniels No 7 Black   
1          4425        MARTIGNETTI COMPANIES   3405    Tito's Handmade Vodka   
2         17035  PERNOD RICARD USA             8068         Absolut 80 Proof   
3          3960  DIAGEO NORTH AMERICA INC      4261   Capt Morgan Spiced Rum   
4          3960  DIAGEO NORTH AMERICA INC      3545          Ketel One Vodka   

   PurchasePrice  ActualPrice Volume  TotalPurchaseQuantity  \
0          26.27        36.99   1750                 145080   
1          23.19        28.99   1750                 164038   
2          18.24        24.99   1750                 187407   
3          16.17        22.99   1750                 201682   
4          21.89        29.99   1750                 138109   

   TotalPurchaseDollars TotalSalesQuantity TotalSalesDollars TotalSalesPrice  \
0            3811251.60               None              None            None   
1            3804041.22               None              None            None   
2            3418303.68               None              None            None   
3            3261197.94               None              None            None   
4            3023206.01               None              None            None   

  TotalExciseTax  FreightCost  
0           None     68601.68  
1           None    144929.24  
2           None    123780.22  
3           None    257032.07  
4           None    257032.07  
2025-10-21 13:46:41,475-INFO-Cleaning Data.......
2025-10-21 13:46:41,498-INFO-   VendorNumber                VendorName  Brand              Description  \
0          1128         BROWN-FORMAN CORP   1233  Jack Daniels No 7 Black   
1          4425     MARTIGNETTI COMPANIES   3405    Tito's Handmade Vodka   
2         17035         PERNOD RICARD USA   8068         Absolut 80 Proof   
3          3960  DIAGEO NORTH AMERICA INC   4261   Capt Morgan Spiced Rum   
4          3960  DIAGEO NORTH AMERICA INC   3545          Ketel One Vodka   

   PurchasePrice  ActualPrice  Volume  TotalPurchaseQuantity  \
0          26.27        36.99  1750.0                 145080   
1          23.19        28.99  1750.0                 164038   
2          18.24        24.99  1750.0                 187407   
3          16.17        22.99  1750.0                 201682   
4          21.89        29.99  1750.0                 138109   

   TotalPurchaseDollars  TotalSalesQuantity  TotalSalesDollars  \
0            3811251.60                   0                  0   
1            3804041.22                   0                  0   
2            3418303.68                   0                  0   
3            3261197.94                   0                  0   
4            3023206.01                   0                  0   

   TotalSalesPrice  TotalExciseTax  FreightCost  
0                0               0     68601.68  
1                0               0    144929.24  
2                0               0    123780.22  
3                0               0    257032.07  
4                0               0    257032.07  
2025-10-21 13:46:41,503-INFO-Ingesting data.......
2025-10-21 13:46:41,582-INFO-Completed
2025-10-21 13:56:22,518-INFO-Creating Vendor Summary Table.......
2025-10-21 13:56:35,992-INFO-   VendorNumber                   VendorName  Brand              Description  \
0          1128  BROWN-FORMAN CORP             1233  Jack Daniels No 7 Black   
1          4425        MARTIGNETTI COMPANIES   3405    Tito's Handmade Vodka   
2         17035  PERNOD RICARD USA             8068         Absolut 80 Proof   
3          3960  DIAGEO NORTH AMERICA INC      4261   Capt Morgan Spiced Rum   
4          3960  DIAGEO NORTH AMERICA INC      3545          Ketel One Vodka   

   PurchasePrice  ActualPrice Volume  TotalPurchaseQuantity  \
0          26.27        36.99   1750                 145080   
1          23.19        28.99   1750                 164038   
2          18.24        24.99   1750                 187407   
3          16.17        22.99   1750                 201682   
4          21.89        29.99   1750                 138109   

   TotalPurchaseDollars TotalSalesQuantity TotalSalesDollars TotalSalesPrice  \
0            3811251.60               None              None            None   
1            3804041.22               None              None            None   
2            3418303.68               None              None            None   
3            3261197.94               None              None            None   
4            3023206.01               None              None            None   

  TotalExciseTax  FreightCost  
0           None     68601.68  
1           None    144929.24  
2           None    123780.22  
3           None    257032.07  
4           None    257032.07  
2025-10-21 13:56:35,998-INFO-Cleaning Data.......
2025-10-21 13:56:36,032-INFO-   VendorNumber                VendorName  Brand              Description  \
0          1128         BROWN-FORMAN CORP   1233  Jack Daniels No 7 Black   
1          4425     MARTIGNETTI COMPANIES   3405    Tito's Handmade Vodka   
2         17035         PERNOD RICARD USA   8068         Absolut 80 Proof   
3          3960  DIAGEO NORTH AMERICA INC   4261   Capt Morgan Spiced Rum   
4          3960  DIAGEO NORTH AMERICA INC   3545          Ketel One Vodka   

   PurchasePrice  ActualPrice  Volume  TotalPurchaseQuantity  \
0          26.27        36.99  1750.0                 145080   
1          23.19        28.99  1750.0                 164038   
2          18.24        24.99  1750.0                 187407   
3          16.17        22.99  1750.0                 201682   
4          21.89        29.99  1750.0                 138109   

   TotalPurchaseDollars  TotalSalesQuantity  TotalSalesDollars  \
0            3811251.60                   0                  0   
1            3804041.22                   0                  0   
2            3418303.68                   0                  0   
3            3261197.94                   0                  0   
4            3023206.01                   0                  0   

   TotalSalesPrice  TotalExciseTax  FreightCost  
0                0               0     68601.68  
1                0               0    144929.24  
2                0               0    123780.22  
3                0               0    257032.07  
4                0               0    257032.07  
2025-10-21 13:56:36,040-INFO-Ingesting data.......
2025-10-21 13:56:36,225-INFO-Completed
2025-10-21 14:00:40,423-INFO-Database connection established.
2025-10-21 14:00:40,423-INFO-Creating Vendor Summary...
2025-10-21 14:00:53,093-INFO-Vendor Summary Preview:
   VendorNumber                   VendorName  Brand              Description  \
0          1128  BROWN-FORMAN CORP             1233  Jack Daniels No 7 Black   
1          4425        MARTIGNETTI COMPANIES   3405    Tito's Handmade Vodka   
2         17035  PERNOD RICARD USA             8068         Absolut 80 Proof   
3          3960  DIAGEO NORTH AMERICA INC      4261   Capt Morgan Spiced Rum   
4          3960  DIAGEO NORTH AMERICA INC      3545          Ketel One Vodka   

   PurchasePrice  ActualPrice Volume  TotalPurchaseQuantity  \
0          26.27        36.99   1750                 145080   
1          23.19        28.99   1750                 164038   
2          18.24        24.99   1750                 187407   
3          16.17        22.99   1750                 201682   
4          21.89        29.99   1750                 138109   

   TotalPurchaseDollars TotalSalesQuantity TotalSalesDollars TotalSalesPrice  \
0            3811251.60               None              None            None   
1            3804041.22               None              None            None   
2            3418303.68               None              None            None   
3            3261197.94               None              None            None   
4            3023206.01               None              None            None   

  TotalExciseTax  FreightCost  
0           None     68601.68  
1           None    144929.24  
2           None    123780.22  
3           None    257032.07  
4           None    257032.07  
2025-10-21 14:00:53,093-INFO-Cleaning Data...
2025-10-21 14:00:53,131-INFO-Cleaned Data Preview:
   VendorNumber                VendorName  Brand              Description  \
0          1128         BROWN-FORMAN CORP   1233  Jack Daniels No 7 Black   
1          4425     MARTIGNETTI COMPANIES   3405    Tito's Handmade Vodka   
2         17035         PERNOD RICARD USA   8068         Absolut 80 Proof   
3          3960  DIAGEO NORTH AMERICA INC   4261   Capt Morgan Spiced Rum   
4          3960  DIAGEO NORTH AMERICA INC   3545          Ketel One Vodka   

   PurchasePrice  ActualPrice  Volume  TotalPurchaseQuantity  \
0          26.27        36.99  1750.0                 145080   
1          23.19        28.99  1750.0                 164038   
2          18.24        24.99  1750.0                 187407   
3          16.17        22.99  1750.0                 201682   
4          21.89        29.99  1750.0                 138109   

   TotalPurchaseDollars  TotalSalesQuantity  TotalSalesDollars  \
0            3811251.60                   0                  0   
1            3804041.22                   0                  0   
2            3418303.68                   0                  0   
3            3261197.94                   0                  0   
4            3023206.01                   0                  0   

   TotalSalesPrice  TotalExciseTax  FreightCost  GrossProfit  ProfitMargin  \
0                0               0     68601.68  -3811251.60           0.0   
1                0               0    144929.24  -3804041.22           0.0   
2                0               0    123780.22  -3418303.68           0.0   
3                0               0    257032.07  -3261197.94           0.0   
4                0               0    257032.07  -3023206.01           0.0   

   StockTurnover  SalestoPurchaseRatio  
0            0.0                   0.0  
1            0.0                   0.0  
2            0.0                   0.0  
3            0.0                   0.0  
4            0.0                   0.0  
2025-10-21 14:00:53,131-INFO-Ingesting cleaned data into database...
2025-10-21 14:00:53,269-INFO-\u2705 Pipeline Completed Successfully.
2025-10-21 14:00:53,270-INFO-Database connection closed.
2025-10-21 14:05:23,495-INFO-Creating Vendor Summary Table.......
2025-10-21 14:05:40,236-INFO-   VendorNumber                   VendorName  Brand              Description  \
0          1128  BROWN-FORMAN CORP             1233  Jack Daniels No 7 Black   
1          4425        MARTIGNETTI COMPANIES   3405    Tito's Handmade Vodka   
2         17035  PERNOD RICARD USA             8068         Absolut 80 Proof   
3          3960  DIAGEO NORTH AMERICA INC      4261   Capt Morgan Spiced Rum   
4          3960  DIAGEO NORTH AMERICA INC      3545          Ketel One Vodka   

   PurchasePrice  ActualPrice Volume  TotalPurchaseQuantity  \
0          26.27        36.99   1750                 145080   
1          23.19        28.99   1750                 164038   
2          18.24        24.99   1750                 187407   
3          16.17        22.99   1750                 201682   
4          21.89        29.99   1750                 138109   

   TotalPurchaseDollars TotalSalesQuantity TotalSalesDollars TotalSalesPrice  \
0            3811251.60               None              None            None   
1            3804041.22               None              None            None   
2            3418303.68               None              None            None   
3            3261197.94               None              None            None   
4            3023206.01               None              None            None   

  TotalExciseTax  FreightCost  
0           None     68601.68  
1           None    144929.24  
2           None    123780.22  
3           None    257032.07  
4           None    257032.07  
2025-10-21 14:05:40,243-INFO-Cleaning Data.......
2025-10-21 14:05:40,243-INFO-Cleaning Data...
2025-10-21 14:05:40,276-INFO-   VendorNumber                VendorName  Brand              Description  \
0          1128         BROWN-FORMAN CORP   1233  Jack Daniels No 7 Black   
1          4425     MARTIGNETTI COMPANIES   3405    Tito's Handmade Vodka   
2         17035         PERNOD RICARD USA   8068         Absolut 80 Proof   
3          3960  DIAGEO NORTH AMERICA INC   4261   Capt Morgan Spiced Rum   
4          3960  DIAGEO NORTH AMERICA INC   3545          Ketel One Vodka   

   PurchasePrice  ActualPrice  Volume  TotalPurchaseQuantity  \
0          26.27        36.99  1750.0                 145080   
1          23.19        28.99  1750.0                 164038   
2          18.24        24.99  1750.0                 187407   
3          16.17        22.99  1750.0                 201682   
4          21.89        29.99  1750.0                 138109   

   TotalPurchaseDollars  TotalSalesQuantity  TotalSalesDollars  \
0            3811251.60                   0                  0   
1            3804041.22                   0                  0   
2            3418303.68                   0                  0   
3            3261197.94                   0                  0   
4            3023206.01                   0                  0   

   TotalSalesPrice  TotalExciseTax  FreightCost  GrossProfit  ProfitMargin  \
0                0               0     68601.68  -3811251.60           0.0   
1                0               0    144929.24  -3804041.22           0.0   
2                0               0    123780.22  -3418303.68           0.0   
3                0               0    257032.07  -3261197.94           0.0   
4                0               0    257032.07  -3023206.01           0.0   

   StockTurnover  SalestoPurchaseRatio  
0            0.0                   0.0  
1            0.0                   0.0  
2            0.0                   0.0  
3            0.0                   0.0  
4            0.0                   0.0  
2025-10-21 14:05:40,284-INFO-Ingesting data.......
2025-10-21 14:05:40,381-INFO-Completed
2025-10-21 14:08:55,713-INFO-Creating Vendor Summary Table.......
2025-10-21 14:09:09,350-INFO-   VendorNumber                   VendorName  Brand              Description  \
0          1128  BROWN-FORMAN CORP             1233  Jack Daniels No 7 Black   
1          4425        MARTIGNETTI COMPANIES   3405    Tito's Handmade Vodka   
2         17035  PERNOD RICARD USA             8068         Absolut 80 Proof   
3          3960  DIAGEO NORTH AMERICA INC      4261   Capt Morgan Spiced Rum   
4          3960  DIAGEO NORTH AMERICA INC      3545          Ketel One Vodka   

   PurchasePrice  ActualPrice Volume  TotalPurchaseQuantity  \
0          26.27        36.99   1750                 145080   
1          23.19        28.99   1750                 164038   
2          18.24        24.99   1750                 187407   
3          16.17        22.99   1750                 201682   
4          21.89        29.99   1750                 138109   

   TotalPurchaseDollars TotalSalesQuantity TotalSalesDollars TotalSalesPrice  \
0            3811251.60               None              None            None   
1            3804041.22               None              None            None   
2            3418303.68               None              None            None   
3            3261197.94               None              None            None   
4            3023206.01               None              None            None   

  TotalExciseTax  FreightCost  
0           None     68601.68  
1           None    144929.24  
2           None    123780.22  
3           None    257032.07  
4           None    257032.07  
2025-10-21 14:09:09,356-INFO-Cleaning Data.......
2025-10-21 14:09:09,389-INFO-   VendorNumber                VendorName  Brand              Description  \
0          1128         BROWN-FORMAN CORP   1233  Jack Daniels No 7 Black   
1          4425     MARTIGNETTI COMPANIES   3405    Tito's Handmade Vodka   
2         17035         PERNOD RICARD USA   8068         Absolut 80 Proof   
3          3960  DIAGEO NORTH AMERICA INC   4261   Capt Morgan Spiced Rum   
4          3960  DIAGEO NORTH AMERICA INC   3545          Ketel One Vodka   

   PurchasePrice  ActualPrice  Volume  TotalPurchaseQuantity  \
0          26.27        36.99  1750.0                 145080   
1          23.19        28.99  1750.0                 164038   
2          18.24        24.99  1750.0                 187407   
3          16.17        22.99  1750.0                 201682   
4          21.89        29.99  1750.0                 138109   

   TotalPurchaseDollars  TotalSalesQuantity  TotalSalesDollars  \
0            3811251.60                   0                  0   
1            3804041.22                   0                  0   
2            3418303.68                   0                  0   
3            3261197.94                   0                  0   
4            3023206.01                   0                  0   

   TotalSalesPrice  TotalExciseTax  FreightCost  
0                0               0     68601.68  
1                0               0    144929.24  
2                0               0    123780.22  
3                0               0    257032.07  
4                0               0    257032.07  
2025-10-21 14:09:09,394-INFO-Ingesting data.......
2025-10-21 14:09:09,476-INFO-Completed
2025-10-21 14:24:14,447-ERROR-No such comm target registered: jupyter.widget.control
2025-10-21 14:24:14,455-WARNING-No such comm: 518f60f7-73bf-4d83-b332-2ca3abeaaa00
2025-10-21 14:24:14,455-DEBUG-Current comms: []
2025-10-23 11:19:47,659-INFO-Creating Vendor Summary Table.......
2025-10-23 11:20:35,060-INFO-   VendorNumber                   VendorName  Brand              Description  \
0          1128  BROWN-FORMAN CORP             1233  Jack Daniels No 7 Black   
1          4425        MARTIGNETTI COMPANIES   3405    Tito's Handmade Vodka   
2         17035  PERNOD RICARD USA             8068         Absolut 80 Proof   
3          3960  DIAGEO NORTH AMERICA INC      4261   Capt Morgan Spiced Rum   
4          3960  DIAGEO NORTH AMERICA INC      3545          Ketel One Vodka   

   PurchasePrice  ActualPrice Volume  TotalPurchaseQuantity  \
0          26.27        36.99   1750                 145080   
1          23.19        28.99   1750                 164038   
2          18.24        24.99   1750                 187407   
3          16.17        22.99   1750                 201682   
4          21.89        29.99   1750                 138109   

   TotalPurchaseDollars  TotalSalesQuantity  TotalSalesDollars  \
0            3811251.60            142049.0         5101919.51   
1            3804041.22            160247.0         4819073.49   
2            3418303.68            187140.0         4538120.60   
3            3261197.94            200412.0         4475972.88   
4            3023206.01            135838.0         4223107.62   

   TotalSalesPrice  TotalExciseTax  FreightCost  
0        672819.31       260999.20     68601.68  
1        561512.37       294438.66    144929.24  
2        461140.15       343854.07    123780.22  
3        420050.01       368242.80    257032.07  
4        545778.28       249587.83    257032.07  
2025-10-23 11:20:35,068-INFO-Cleaning Data.......
2025-10-23 11:20:35,084-INFO-   VendorNumber                VendorName  Brand              Description  \
0          1128         BROWN-FORMAN CORP   1233  Jack Daniels No 7 Black   
1          4425     MARTIGNETTI COMPANIES   3405    Tito's Handmade Vodka   
2         17035         PERNOD RICARD USA   8068         Absolut 80 Proof   
3          3960  DIAGEO NORTH AMERICA INC   4261   Capt Morgan Spiced Rum   
4          3960  DIAGEO NORTH AMERICA INC   3545          Ketel One Vodka   

   PurchasePrice  ActualPrice  Volume  TotalPurchaseQuantity  \
0          26.27        36.99  1750.0                 145080   
1          23.19        28.99  1750.0                 164038   
2          18.24        24.99  1750.0                 187407   
3          16.17        22.99  1750.0                 201682   
4          21.89        29.99  1750.0                 138109   

   TotalPurchaseDollars  TotalSalesQuantity  TotalSalesDollars  \
0            3811251.60            142049.0         5101919.51   
1            3804041.22            160247.0         4819073.49   
2            3418303.68            187140.0         4538120.60   
3            3261197.94            200412.0         4475972.88   
4            3023206.01            135838.0         4223107.62   

   TotalSalesPrice  TotalExciseTax  FreightCost  
0        672819.31       260999.20     68601.68  
1        561512.37       294438.66    144929.24  
2        461140.15       343854.07    123780.22  
3        420050.01       368242.80    257032.07  
4        545778.28       249587.83    257032.07  
2025-10-23 11:20:35,090-INFO-Ingesting data.......
2025-10-23 11:20:36,029-INFO-Completed
2025-10-23 11:21:27,222-INFO-Creating Vendor Summary Table.......
2025-10-23 11:22:17,932-INFO-   VendorNumber                   VendorName  Brand              Description  \
0          1128  BROWN-FORMAN CORP             1233  Jack Daniels No 7 Black   
1          4425        MARTIGNETTI COMPANIES   3405    Tito's Handmade Vodka   
2         17035  PERNOD RICARD USA             8068         Absolut 80 Proof   
3          3960  DIAGEO NORTH AMERICA INC      4261   Capt Morgan Spiced Rum   
4          3960  DIAGEO NORTH AMERICA INC      3545          Ketel One Vodka   

   PurchasePrice  ActualPrice Volume  TotalPurchaseQuantity  \
0          26.27        36.99   1750                 145080   
1          23.19        28.99   1750                 164038   
2          18.24        24.99   1750                 187407   
3          16.17        22.99   1750                 201682   
4          21.89        29.99   1750                 138109   

   TotalPurchaseDollars  TotalSalesQuantity  TotalSalesDollars  \
0            3811251.60            142049.0         5101919.51   
1            3804041.22            160247.0         4819073.49   
2            3418303.68            187140.0         4538120.60   
3            3261197.94            200412.0         4475972.88   
4            3023206.01            135838.0         4223107.62   

   TotalSalesPrice  TotalExciseTax  FreightCost  
0        672819.31       260999.20     68601.68  
1        561512.37       294438.66    144929.24  
2        461140.15       343854.07    123780.22  
3        420050.01       368242.80    257032.07  
4        545778.28       249587.83    257032.07  
2025-10-23 11:22:17,938-INFO-Cleaning Data.......
2025-10-23 11:22:17,953-INFO-   VendorNumber                VendorName  Brand              Description  \
0          1128         BROWN-FORMAN CORP   1233  Jack Daniels No 7 Black   
1          4425     MARTIGNETTI COMPANIES   3405    Tito's Handmade Vodka   
2         17035         PERNOD RICARD USA   8068         Absolut 80 Proof   
3          3960  DIAGEO NORTH AMERICA INC   4261   Capt Morgan Spiced Rum   
4          3960  DIAGEO NORTH AMERICA INC   3545          Ketel One Vodka   

   PurchasePrice  ActualPrice  Volume  TotalPurchaseQuantity  \
0          26.27        36.99  1750.0                 145080   
1          23.19        28.99  1750.0                 164038   
2          18.24        24.99  1750.0                 187407   
3          16.17        22.99  1750.0                 201682   
4          21.89        29.99  1750.0                 138109   

   TotalPurchaseDollars  TotalSalesQuantity  TotalSalesDollars  \
0            3811251.60            142049.0         5101919.51   
1            3804041.22            160247.0         4819073.49   
2            3418303.68            187140.0         4538120.60   
3            3261197.94            200412.0         4475972.88   
4            3023206.01            135838.0         4223107.62   

   TotalSalesPrice  TotalExciseTax  FreightCost  
0        672819.31       260999.20     68601.68  
1        561512.37       294438.66    144929.24  
2        461140.15       343854.07    123780.22  
3        420050.01       368242.80    257032.07  
4        545778.28       249587.83    257032.07  
2025-10-23 11:22:17,958-INFO-Ingesting data.......
2025-10-23 11:22:18,159-INFO-Completed
2025-10-23 11:44:19,749-INFO-Creating Vendor Summary Table.......
2025-10-23 11:45:38,164-INFO-   VendorNumber                   VendorName  Brand              Description  \
0          1128  BROWN-FORMAN CORP             1233  Jack Daniels No 7 Black   
1          4425        MARTIGNETTI COMPANIES   3405    Tito's Handmade Vodka   
2         17035  PERNOD RICARD USA             8068         Absolut 80 Proof   
3          3960  DIAGEO NORTH AMERICA INC      4261   Capt Morgan Spiced Rum   
4          3960  DIAGEO NORTH AMERICA INC      3545          Ketel One Vodka   

   PurchasePrice  ActualPrice Volume  TotalPurchaseQuantity  \
0          26.27        36.99   1750                 145080   
1          23.19        28.99   1750                 164038   
2          18.24        24.99   1750                 187407   
3          16.17        22.99   1750                 201682   
4          21.89        29.99   1750                 138109   

   TotalPurchaseDollars  TotalSalesQuantity  TotalSalesDollars  \
0            3811251.60            142049.0         5101919.51   
1            3804041.22            160247.0         4819073.49   
2            3418303.68            187140.0         4538120.60   
3            3261197.94            200412.0         4475972.88   
4            3023206.01            135838.0         4223107.62   

   TotalSalesPrice  TotalExciseTax  FreightCost  
0        672819.31       260999.20     68601.68  
1        561512.37       294438.66    144929.24  
2        461140.15       343854.07    123780.22  
3        420050.01       368242.80    257032.07  
4        545778.28       249587.83    257032.07  
2025-10-23 11:45:38,182-INFO-Cleaning Data.......
2025-10-23 11:45:38,232-INFO-   VendorNumber                VendorName  Brand              Description  \
0          1128         BROWN-FORMAN CORP   1233  Jack Daniels No 7 Black   
1          4425     MARTIGNETTI COMPANIES   3405    Tito's Handmade Vodka   
2         17035         PERNOD RICARD USA   8068         Absolut 80 Proof   
3          3960  DIAGEO NORTH AMERICA INC   4261   Capt Morgan Spiced Rum   
4          3960  DIAGEO NORTH AMERICA INC   3545          Ketel One Vodka   

   PurchasePrice  ActualPrice  Volume  TotalPurchaseQuantity  \
0          26.27        36.99  1750.0                 145080   
1          23.19        28.99  1750.0                 164038   
2          18.24        24.99  1750.0                 187407   
3          16.17        22.99  1750.0                 201682   
4          21.89        29.99  1750.0                 138109   

   TotalPurchaseDollars  TotalSalesQuantity  TotalSalesDollars  \
0            3811251.60            142049.0         5101919.51   
1            3804041.22            160247.0         4819073.49   
2            3418303.68            187140.0         4538120.60   
3            3261197.94            200412.0         4475972.88   
4            3023206.01            135838.0         4223107.62   

   TotalSalesPrice  TotalExciseTax  FreightCost  GrossProfit  ProfitMargin  \
0        672819.31       260999.20     68601.68   1290667.91     25.297693   
1        561512.37       294438.66    144929.24   1015032.27     21.062810   
2        461140.15       343854.07    123780.22   1119816.92     24.675786   
3        420050.01       368242.80    257032.07   1214774.94     27.139908   
4        545778.28       249587.83    257032.07   1199901.61     28.412764   

   StockTurnover  SalestoPurchaseRatio  
0       0.979108              1.338647  
1       0.976890              1.266830  
2       0.998575              1.327594  
3       0.993703              1.372493  
4       0.983556              1.396897  
2025-10-23 11:45:38,247-INFO-Ingesting data.......
2025-10-23 11:45:38,531-INFO-Completed
